# JRE version: OpenJDK Runtime Environment (8.0) (build 1.8.0-25-microsoft-b00)
# Java VM: OpenJDK 64-Bit Server VM (25.71-b00 mixed mode windows-amd64 compressed oops)
Heap:
 PSYoungGen      total 290304K, used 176532K [0x00000000eab00000, 0x00000000fde00000, 0x0000000100000000)
  eden space 266240K, 59% used [0x00000000eab00000,0x00000000f45a72a0,0x00000000faf00000)
  from space 24064K, 75% used [0x00000000fc680000,0x00000000fd83e080,0x00000000fde00000)
  to   space 24064K, 0% used [0x00000000faf00000,0x00000000faf00000,0x00000000fc680000)
 ParOldGen       total 87552K, used 49922K [0x00000000c0000000, 0x00000000c5580000, 0x00000000eab00000)
  object space 87552K, 57% used [0x00000000c0000000,0x00000000c30c0a28,0x00000000c5580000)
 Metaspace       used 15642K, capacity 16480K, committed 16768K, reserved 1064960K
  class space    used 1860K, capacity 2080K, committed 2176K, reserved 1048576K
GC Heap History (10 events):
Event: 3.222 GC heap before
{Heap before GC invocations=4 (full 0):
 PSYoungGen      total 38400K, used 38368K [0x00000000eab00000, 0x00000000ef600000, 0x0000000100000000)
  eden space 33280K, 100% used [0x00000000eab00000,0x00000000ecb80000,0x00000000ecb80000)
  from space 5120K, 99% used [0x00000000ecb80000,0x00000000ed0783f0,0x00000000ed080000)
  to   space 5120K, 0% used [0x00000000ef100000,0x00000000ef100000,0x00000000ef600000)
 ParOldGen       total 87552K, used 23845K [0x00000000c0000000, 0x00000000c5580000, 0x00000000eab00000)
  object space 87552K, 27% used [0x00000000c0000000,0x00000000c1749510,0x00000000c5580000)
 Metaspace       used 8986K, capacity 9318K, committed 9600K, reserved 1058816K
  class space    used 1012K, capacity 1099K, committed 1152K, reserved 1048576K
Event: 3.234 GC heap after
Heap after GC invocations=4 (full 0):
 PSYoungGen      total 71680K, used 5107K [0x00000000eab00000, 0x00000000ef600000, 0x0000000100000000)
  eden space 66560K, 0% used [0x00000000eab00000,0x00000000eab00000,0x00000000eec00000)
  from space 5120K, 99% used [0x00000000ef100000,0x00000000ef5fce30,0x00000000ef600000)
  to   space 5120K, 0% used [0x00000000eec00000,0x00000000eec00000,0x00000000ef100000)
 ParOldGen       total 87552K, used 32104K [0x00000000c0000000, 0x00000000c5580000, 0x00000000eab00000)
  object space 87552K, 36% used [0x00000000c0000000,0x00000000c1f5a180,0x00000000c5580000)
 Metaspace       used 8986K, capacity 9318K, committed 9600K, reserved 1058816K
  class space    used 1012K, capacity 1099K, committed 1152K, reserved 1048576K
}
Event: 3.502 GC heap before
{Heap before GC invocations=5 (full 0):
 PSYoungGen      total 71680K, used 71667K [0x00000000eab00000, 0x00000000ef600000, 0x0000000100000000)
  eden space 66560K, 100% used [0x00000000eab00000,0x00000000eec00000,0x00000000eec00000)
  from space 5120K, 99% used [0x00000000ef100000,0x00000000ef5fce30,0x00000000ef600000)
  to   space 5120K, 0% used [0x00000000eec00000,0x00000000eec00000,0x00000000ef100000)
 ParOldGen       total 87552K, used 32104K [0x00000000c0000000, 0x00000000c5580000, 0x00000000eab00000)
  object space 87552K, 36% used [0x00000000c0000000,0x00000000c1f5a180,0x00000000c5580000)
 Metaspace       used 9422K, capacity 9786K, committed 9984K, reserved 1058816K
  class space    used 1068K, capacity 1167K, committed 1280K, reserved 1048576K
Event: 3.525 GC heap after
Heap after GC invocations=5 (full 0):
 PSYoungGen      total 71680K, used 5105K [0x00000000eab00000, 0x00000000f5b00000, 0x0000000100000000)
  eden space 66560K, 0% used [0x00000000eab00000,0x00000000eab00000,0x00000000eec00000)
  from space 5120K, 99% used [0x00000000eec00000,0x00000000ef0fc7f0,0x00000000ef100000)
  to   space 23552K, 0% used [0x00000000f4400000,0x00000000f4400000,0x00000000f5b00000)
 ParOldGen       total 87552K, used 46947K [0x00000000c0000000, 0x00000000c5580000, 0x00000000eab00000)
  object space 87552K, 53% used [0x00000000c0000000,0x00000000c2dd8c20,0x00000000c5580000)
 Metaspace       used 9422K, capacity 9786K, committed 9984K, reserved 1058816K
  class space    used 1068K, capacity 1167K, committed 1280K, reserved 1048576K
}
Event: 3.728 GC heap before
{Heap before GC invocations=6 (full 0):
 PSYoungGen      total 71680K, used 71665K [0x00000000eab00000, 0x00000000f5b00000, 0x0000000100000000)
  eden space 66560K, 100% used [0x00000000eab00000,0x00000000eec00000,0x00000000eec00000)
  from space 5120K, 99% used [0x00000000eec00000,0x00000000ef0fc7f0,0x00000000ef100000)
  to   space 23552K, 0% used [0x00000000f4400000,0x00000000f4400000,0x00000000f5b00000)
 ParOldGen       total 87552K, used 46947K [0x00000000c0000000, 0x00000000c5580000, 0x00000000eab00000)
  object space 87552K, 53% used [0x00000000c0000000,0x00000000c2dd8c20,0x00000000c5580000)
 Metaspace       used 9464K, capacity 9786K, committed 9984K, reserved 1058816K
  class space    used 1070K, capacity 1167K, committed 1280K, reserved 1048576K
Event: 3.763 GC heap after
Heap after GC invocations=6 (full 0):
 PSYoungGen      total 153600K, used 14706K [0x00000000eab00000, 0x00000000f5800000, 0x0000000100000000)
  eden space 133120K, 0% used [0x00000000eab00000,0x00000000eab00000,0x00000000f2d00000)
  from space 20480K, 71% used [0x00000000f4400000,0x00000000f525c920,0x00000000f5800000)
  to   space 22016K, 0% used [0x00000000f2d00000,0x00000000f2d00000,0x00000000f4280000)
 ParOldGen       total 87552K, used 46947K [0x00000000c0000000, 0x00000000c5580000, 0x00000000eab00000)
  object space 87552K, 53% used [0x00000000c0000000,0x00000000c2dd8c20,0x00000000c5580000)
 Metaspace       used 9464K, capacity 9786K, committed 9984K, reserved 1058816K
  class space    used 1070K, capacity 1167K, committed 1280K, reserved 1048576K
}
Event: 7.229 GC heap before
{Heap before GC invocations=7 (full 0):
 PSYoungGen      total 153600K, used 147826K [0x00000000eab00000, 0x00000000f5800000, 0x0000000100000000)
  eden space 133120K, 100% used [0x00000000eab00000,0x00000000f2d00000,0x00000000f2d00000)
  from space 20480K, 71% used [0x00000000f4400000,0x00000000f525c920,0x00000000f5800000)
  to   space 22016K, 0% used [0x00000000f2d00000,0x00000000f2d00000,0x00000000f4280000)
 ParOldGen       total 87552K, used 46947K [0x00000000c0000000, 0x00000000c5580000, 0x00000000eab00000)
  object space 87552K, 53% used [0x00000000c0000000,0x00000000c2dd8c20,0x00000000c5580000)
 Metaspace       used 15362K, capacity 16112K, committed 16128K, reserved 1062912K
  class space    used 1832K, capacity 2038K, committed 2048K, reserved 1048576K
Event: 7.264 GC heap after
Heap after GC invocations=7 (full 0):
 PSYoungGen      total 155136K, used 19840K [0x00000000eab00000, 0x00000000fde00000, 0x0000000100000000)
  eden space 133120K, 0% used [0x00000000eab00000,0x00000000eab00000,0x00000000f2d00000)
  from space 22016K, 90% used [0x00000000f2d00000,0x00000000f4060088,0x00000000f4280000)
  to   space 24064K, 0% used [0x00000000fc680000,0x00000000fc680000,0x00000000fde00000)
 ParOldGen       total 87552K, used 48459K [0x00000000c0000000, 0x00000000c5580000, 0x00000000eab00000)
  object space 87552K, 55% used [0x00000000c0000000,0x00000000c2f52c30,0x00000000c5580000)
 Metaspace       used 15362K, capacity 16112K, committed 16128K, reserved 1062912K
  class space    used 1832K, capacity 2038K, committed 2048K, reserved 1048576K
}
Event: 7.841 GC heap before
{Heap before GC invocations=8 (full 0):
 PSYoungGen      total 155136K, used 152960K [0x00000000eab00000, 0x00000000fde00000, 0x0000000100000000)
  eden space 133120K, 100% used [0x00000000eab00000,0x00000000f2d00000,0x00000000f2d00000)
  from space 22016K, 90% used [0x00000000f2d00000,0x00000000f4060088,0x00000000f4280000)
  to   space 24064K, 0% used [0x00000000fc680000,0x00000000fc680000,0x00000000fde00000)
 ParOldGen       total 87552K, used 48459K [0x00000000c0000000, 0x00000000c5580000, 0x00000000eab00000)
  object space 87552K, 55% used [0x00000000c0000000,0x00000000c2f52c30,0x00000000c5580000)
 Metaspace       used 15559K, capacity 16392K, committed 16512K, reserved 1062912K
  class space    used 1855K, capacity 2080K, committed 2176K, reserved 1048576K
Event: 7.885 GC heap after
Heap after GC invocations=8 (full 0):
 PSYoungGen      total 290304K, used 18168K [0x00000000eab00000, 0x00000000fde00000, 0x0000000100000000)
  eden space 266240K, 0% used [0x00000000eab00000,0x00000000eab00000,0x00000000faf00000)
  from space 24064K, 75% used [0x00000000fc680000,0x00000000fd83e080,0x00000000fde00000)
  to   space 24064K, 0% used [0x00000000faf00000,0x00000000faf00000,0x00000000fc680000)
 ParOldGen       total 87552K, used 49922K [0x00000000c0000000, 0x00000000c5580000, 0x00000000eab00000)
  object space 87552K, 57% used [0x00000000c0000000,0x00000000c30c0a28,0x00000000c5580000)
 Metaspace       used 15559K, capacity 16392K, committed 16512K, reserved 1062912K
  class space    used 1855K, capacity 2080K, committed 2176K, reserved 1048576K
}

