# JRE version: OpenJDK Runtime Environment (8.0) (build 1.8.0-25-microsoft-b00)
# Java VM: OpenJDK 64-Bit Server VM (25.71-b00 mixed mode windows-amd64 compressed oops)
Heap:
 PSYoungGen      total 305152K, used 216773K [0x00000000eab00000, 0x0000000100000000, 0x0000000100000000)
  eden space 300032K, 72% used [0x00000000eab00000,0x00000000f7eb1620,0x00000000fd000000)
  from space 5120K, 0% used [0x00000000fd000000,0x00000000fd000000,0x00000000fd500000)
  to   space 25088K, 0% used [0x00000000fe780000,0x00000000fe780000,0x0000000100000000)
 ParOldGen       total 104448K, used 40560K [0x00000000c0000000, 0x00000000c6600000, 0x00000000eab00000)
  object space 104448K, 38% used [0x00000000c0000000,0x00000000c279c288,0x00000000c6600000)
 Metaspace       used 15884K, capacity 16654K, committed 17024K, reserved 1064960K
  class space    used 1845K, capacity 2057K, committed 2176K, reserved 1048576K
GC Heap History (10 events):
Event: 7.155 GC heap before
{Heap before GC invocations=8 (full 0):
 PSYoungGen      total 155648K, used 152414K [0x00000000eab00000, 0x00000000fdd00000, 0x0000000100000000)
  eden space 133120K, 100% used [0x00000000eab00000,0x00000000f2d00000,0x00000000f2d00000)
  from space 22528K, 85% used [0x00000000f2d00000,0x00000000f3fd7b40,0x00000000f4300000)
  to   space 23552K, 0% used [0x00000000fc600000,0x00000000fc600000,0x00000000fdd00000)
 ParOldGen       total 87552K, used 49321K [0x00000000c0000000, 0x00000000c5580000, 0x00000000eab00000)
  object space 87552K, 56% used [0x00000000c0000000,0x00000000c302a550,0x00000000c5580000)
 Metaspace       used 15623K, capacity 16434K, committed 16768K, reserved 1064960K
  class space    used 1848K, capacity 2077K, committed 2176K, reserved 1048576K
Event: 7.206 GC heap after
Heap after GC invocations=8 (full 0):
 PSYoungGen      total 289280K, used 18457K [0x00000000eab00000, 0x00000000fde00000, 0x0000000100000000)
  eden space 265728K, 0% used [0x00000000eab00000,0x00000000eab00000,0x00000000fae80000)
  from space 23552K, 78% used [0x00000000fc600000,0x00000000fd806598,0x00000000fdd00000)
  to   space 24064K, 0% used [0x00000000fae80000,0x00000000fae80000,0x00000000fc600000)
 ParOldGen       total 87552K, used 50608K [0x00000000c0000000, 0x00000000c5580000, 0x00000000eab00000)
  object space 87552K, 57% used [0x00000000c0000000,0x00000000c316c218,0x00000000c5580000)
 Metaspace       used 15623K, capacity 16434K, committed 16768K, reserved 1064960K
  class space    used 1848K, capacity 2077K, committed 2176K, reserved 1048576K
}
Event: 9.860 GC heap before
{Heap before GC invocations=9 (full 0):
 PSYoungGen      total 289280K, used 284185K [0x00000000eab00000, 0x00000000fde00000, 0x0000000100000000)
  eden space 265728K, 100% used [0x00000000eab00000,0x00000000fae80000,0x00000000fae80000)
  from space 23552K, 78% used [0x00000000fc600000,0x00000000fd806598,0x00000000fdd00000)
  to   space 24064K, 0% used [0x00000000fae80000,0x00000000fae80000,0x00000000fc600000)
 ParOldGen       total 87552K, used 50608K [0x00000000c0000000, 0x00000000c5580000, 0x00000000eab00000)
  object space 87552K, 57% used [0x00000000c0000000,0x00000000c316c218,0x00000000c5580000)
 Metaspace       used 15759K, capacity 16568K, committed 16768K, reserved 1064960K
  class space    used 1856K, capacity 2078K, committed 2176K, reserved 1048576K
Event: 9.925 GC heap after
Heap after GC invocations=9 (full 0):
 PSYoungGen      total 289792K, used 10976K [0x00000000eab00000, 0x0000000100000000, 0x0000000100000000)
  eden space 265728K, 0% used [0x00000000eab00000,0x00000000eab00000,0x00000000fae80000)
  from space 24064K, 45% used [0x00000000fae80000,0x00000000fb938010,0x00000000fc600000)
  to   space 24064K, 0% used [0x00000000fe880000,0x00000000fe880000,0x0000000100000000)
 ParOldGen       total 87552K, used 61950K [0x00000000c0000000, 0x00000000c5580000, 0x00000000eab00000)
  object space 87552K, 70% used [0x00000000c0000000,0x00000000c3c7fa50,0x00000000c5580000)
 Metaspace       used 15759K, capacity 16568K, committed 16768K, reserved 1064960K
  class space    used 1856K, capacity 2078K, committed 2176K, reserved 1048576K
}
Event: 12.478 GC heap before
{Heap before GC invocations=10 (full 0):
 PSYoungGen      total 289792K, used 276704K [0x00000000eab00000, 0x0000000100000000, 0x0000000100000000)
  eden space 265728K, 100% used [0x00000000eab00000,0x00000000fae80000,0x00000000fae80000)
  from space 24064K, 45% used [0x00000000fae80000,0x00000000fb938010,0x00000000fc600000)
  to   space 24064K, 0% used [0x00000000fe880000,0x00000000fe880000,0x0000000100000000)
 ParOldGen       total 87552K, used 61950K [0x00000000c0000000, 0x00000000c5580000, 0x00000000eab00000)
  object space 87552K, 70% used [0x00000000c0000000,0x00000000c3c7fa50,0x00000000c5580000)
 Metaspace       used 15881K, capacity 16740K, committed 17024K, reserved 1064960K
  class space    used 1858K, capacity 2082K, committed 2176K, reserved 1048576K
Event: 12.510 GC heap after
Heap after GC invocations=10 (full 0):
 PSYoungGen      total 324096K, used 7940K [0x00000000eab00000, 0x0000000100000000, 0x0000000100000000)
  eden space 300032K, 0% used [0x00000000eab00000,0x00000000eab00000,0x00000000fd000000)
  from space 24064K, 32% used [0x00000000fe880000,0x00000000ff041120,0x0000000100000000)
  to   space 24576K, 0% used [0x00000000fd000000,0x00000000fd000000,0x00000000fe800000)
 ParOldGen       total 87552K, used 68643K [0x00000000c0000000, 0x00000000c5580000, 0x00000000eab00000)
  object space 87552K, 78% used [0x00000000c0000000,0x00000000c4308d90,0x00000000c5580000)
 Metaspace       used 15881K, capacity 16740K, committed 17024K, reserved 1064960K
  class space    used 1858K, capacity 2082K, committed 2176K, reserved 1048576K
}
Event: 14.214 GC heap before
{Heap before GC invocations=11 (full 0):
 PSYoungGen      total 324096K, used 307972K [0x00000000eab00000, 0x0000000100000000, 0x0000000100000000)
  eden space 300032K, 100% used [0x00000000eab00000,0x00000000fd000000,0x00000000fd000000)
  from space 24064K, 32% used [0x00000000fe880000,0x00000000ff041120,0x0000000100000000)
  to   space 24576K, 0% used [0x00000000fd000000,0x00000000fd000000,0x00000000fe800000)
 ParOldGen       total 87552K, used 68643K [0x00000000c0000000, 0x00000000c5580000, 0x00000000eab00000)
  object space 87552K, 78% used [0x00000000c0000000,0x00000000c4308d90,0x00000000c5580000)
 Metaspace       used 15917K, capacity 16744K, committed 17024K, reserved 1064960K
  class space    used 1858K, capacity 2082K, committed 2176K, reserved 1048576K
Event: 14.267 GC heap after
Heap after GC invocations=11 (full 0):
 PSYoungGen      total 305152K, used 4676K [0x00000000eab00000, 0x0000000100000000, 0x0000000100000000)
  eden space 300032K, 0% used [0x00000000eab00000,0x00000000eab00000,0x00000000fd000000)
  from space 5120K, 91% used [0x00000000fd000000,0x00000000fd4910e0,0x00000000fd500000)
  to   space 25088K, 0% used [0x00000000fe780000,0x00000000fe780000,0x0000000100000000)
 ParOldGen       total 87552K, used 76331K [0x00000000c0000000, 0x00000000c5580000, 0x00000000eab00000)
  object space 87552K, 87% used [0x00000000c0000000,0x00000000c4a8ada0,0x00000000c5580000)
 Metaspace       used 15917K, capacity 16744K, committed 17024K, reserved 1064960K
  class space    used 1858K, capacity 2082K, committed 2176K, reserved 1048576K
}
Event: 14.268 GC heap before
{Heap before GC invocations=12 (full 1):
 PSYoungGen      total 305152K, used 4676K [0x00000000eab00000, 0x0000000100000000, 0x0000000100000000)
  eden space 300032K, 0% used [0x00000000eab00000,0x00000000eab00000,0x00000000fd000000)
  from space 5120K, 91% used [0x00000000fd000000,0x00000000fd4910e0,0x00000000fd500000)
  to   space 25088K, 0% used [0x00000000fe780000,0x00000000fe780000,0x0000000100000000)
 ParOldGen       total 87552K, used 76331K [0x00000000c0000000, 0x00000000c5580000, 0x00000000eab00000)
  object space 87552K, 87% used [0x00000000c0000000,0x00000000c4a8ada0,0x00000000c5580000)
 Metaspace       used 15917K, capacity 16744K, committed 17024K, reserved 1064960K
  class space    used 1858K, capacity 2082K, committed 2176K, reserved 1048576K
Event: 14.625 GC heap after
Heap after GC invocations=12 (full 1):
 PSYoungGen      total 305152K, used 0K [0x00000000eab00000, 0x0000000100000000, 0x0000000100000000)
  eden space 300032K, 0% used [0x00000000eab00000,0x00000000eab00000,0x00000000fd000000)
  from space 5120K, 0% used [0x00000000fd000000,0x00000000fd000000,0x00000000fd500000)
  to   space 25088K, 0% used [0x00000000fe780000,0x00000000fe780000,0x0000000100000000)
 ParOldGen       total 104448K, used 40560K [0x00000000c0000000, 0x00000000c6600000, 0x00000000eab00000)
  object space 104448K, 38% used [0x00000000c0000000,0x00000000c279c288,0x00000000c6600000)
 Metaspace       used 15879K, capacity 16650K, committed 17024K, reserved 1064960K
  class space    used 1844K, capacity 2057K, committed 2176K, reserved 1048576K
}

