# JRE version: OpenJDK Runtime Environment (8.0) (build 1.8.0-25-microsoft-b00)
# Java VM: OpenJDK 64-Bit Server VM (25.71-b00 mixed mode windows-amd64 compressed oops)
Heap:
 PSYoungGen      total 155648K, used 54993K [0x00000000eab00000, 0x00000000fac00000, 0x0000000100000000)
  eden space 133120K, 34% used [0x00000000eab00000,0x00000000ed85c6c0,0x00000000f2d00000)
  from space 22528K, 37% used [0x00000000f2d00000,0x00000000f3558010,0x00000000f4300000)
  to   space 25088K, 0% used [0x00000000f9380000,0x00000000f9380000,0x00000000fac00000)
 ParOldGen       total 87552K, used 62031K [0x00000000c0000000, 0x00000000c5580000, 0x00000000eab00000)
  object space 87552K, 70% used [0x00000000c0000000,0x00000000c3c93cc8,0x00000000c5580000)
 Metaspace       used 15722K, capacity 16532K, committed 16768K, reserved 1064960K
  class space    used 1855K, capacity 2078K, committed 2176K, reserved 1048576K
GC Heap History (10 events):
Event: 2.045 GC heap before
{Heap before GC invocations=5 (full 0):
 PSYoungGen      total 71680K, used 71656K [0x00000000eab00000, 0x00000000ef600000, 0x0000000100000000)
  eden space 66560K, 100% used [0x00000000eab00000,0x00000000eec00000,0x00000000eec00000)
  from space 5120K, 99% used [0x00000000ef100000,0x00000000ef5fa060,0x00000000ef600000)
  to   space 5120K, 0% used [0x00000000eec00000,0x00000000eec00000,0x00000000ef100000)
 ParOldGen       total 87552K, used 32251K [0x00000000c0000000, 0x00000000c5580000, 0x00000000eab00000)
  object space 87552K, 36% used [0x00000000c0000000,0x00000000c1f7eca0,0x00000000c5580000)
 Metaspace       used 9411K, capacity 9780K, committed 9984K, reserved 1058816K
  class space    used 1068K, capacity 1166K, committed 1280K, reserved 1048576K
Event: 2.077 GC heap after
Heap after GC invocations=5 (full 0):
 PSYoungGen      total 71680K, used 5112K [0x00000000eab00000, 0x00000000f5b00000, 0x0000000100000000)
  eden space 66560K, 0% used [0x00000000eab00000,0x00000000eab00000,0x00000000eec00000)
  from space 5120K, 99% used [0x00000000eec00000,0x00000000ef0fe060,0x00000000ef100000)
  to   space 23552K, 0% used [0x00000000f4400000,0x00000000f4400000,0x00000000f5b00000)
 ParOldGen       total 87552K, used 46998K [0x00000000c0000000, 0x00000000c5580000, 0x00000000eab00000)
  object space 87552K, 53% used [0x00000000c0000000,0x00000000c2de5980,0x00000000c5580000)
 Metaspace       used 9411K, capacity 9780K, committed 9984K, reserved 1058816K
  class space    used 1068K, capacity 1166K, committed 1280K, reserved 1048576K
}
Event: 2.300 GC heap before
{Heap before GC invocations=6 (full 0):
 PSYoungGen      total 71680K, used 71672K [0x00000000eab00000, 0x00000000f5b00000, 0x0000000100000000)
  eden space 66560K, 100% used [0x00000000eab00000,0x00000000eec00000,0x00000000eec00000)
  from space 5120K, 99% used [0x00000000eec00000,0x00000000ef0fe060,0x00000000ef100000)
  to   space 23552K, 0% used [0x00000000f4400000,0x00000000f4400000,0x00000000f5b00000)
 ParOldGen       total 87552K, used 46998K [0x00000000c0000000, 0x00000000c5580000, 0x00000000eab00000)
  object space 87552K, 53% used [0x00000000c0000000,0x00000000c2de5980,0x00000000c5580000)
 Metaspace       used 9456K, capacity 9844K, committed 10240K, reserved 1058816K
  class space    used 1070K, capacity 1166K, committed 1280K, reserved 1048576K
Event: 2.329 GC heap after
Heap after GC invocations=6 (full 0):
 PSYoungGen      total 154624K, used 15128K [0x00000000eab00000, 0x00000000f5900000, 0x0000000100000000)
  eden space 133120K, 0% used [0x00000000eab00000,0x00000000eab00000,0x00000000f2d00000)
  from space 21504K, 70% used [0x00000000f4400000,0x00000000f52c61a0,0x00000000f5900000)
  to   space 22528K, 0% used [0x00000000f2d00000,0x00000000f2d00000,0x00000000f4300000)
 ParOldGen       total 87552K, used 47006K [0x00000000c0000000, 0x00000000c5580000, 0x00000000eab00000)
  object space 87552K, 53% used [0x00000000c0000000,0x00000000c2de7980,0x00000000c5580000)
 Metaspace       used 9456K, capacity 9844K, committed 10240K, reserved 1058816K
  class space    used 1070K, capacity 1166K, committed 1280K, reserved 1048576K
}
Event: 5.036 GC heap before
{Heap before GC invocations=7 (full 0):
 PSYoungGen      total 154624K, used 148248K [0x00000000eab00000, 0x00000000f5900000, 0x0000000100000000)
  eden space 133120K, 100% used [0x00000000eab00000,0x00000000f2d00000,0x00000000f2d00000)
  from space 21504K, 70% used [0x00000000f4400000,0x00000000f52c61a0,0x00000000f5900000)
  to   space 22528K, 0% used [0x00000000f2d00000,0x00000000f2d00000,0x00000000f4300000)
 ParOldGen       total 87552K, used 47006K [0x00000000c0000000, 0x00000000c5580000, 0x00000000eab00000)
  object space 87552K, 53% used [0x00000000c0000000,0x00000000c2de7980,0x00000000c5580000)
 Metaspace       used 15391K, capacity 16206K, committed 16512K, reserved 1062912K
  class space    used 1830K, capacity 2067K, committed 2176K, reserved 1048576K
Event: 5.071 GC heap after
Heap after GC invocations=7 (full 0):
 PSYoungGen      total 155648K, used 20381K [0x00000000eab00000, 0x00000000f5900000, 0x0000000100000000)
  eden space 133120K, 0% used [0x00000000eab00000,0x00000000eab00000,0x00000000f2d00000)
  from space 22528K, 90% used [0x00000000f2d00000,0x00000000f40e7520,0x00000000f4300000)
  to   space 21504K, 0% used [0x00000000f4400000,0x00000000f4400000,0x00000000f5900000)
 ParOldGen       total 87552K, used 48878K [0x00000000c0000000, 0x00000000c5580000, 0x00000000eab00000)
  object space 87552K, 55% used [0x00000000c0000000,0x00000000c2fbb9a0,0x00000000c5580000)
 Metaspace       used 15391K, capacity 16206K, committed 16512K, reserved 1062912K
  class space    used 1830K, capacity 2067K, committed 2176K, reserved 1048576K
}
Event: 5.912 GC heap before
{Heap before GC invocations=8 (full 0):
 PSYoungGen      total 155648K, used 153501K [0x00000000eab00000, 0x00000000f5900000, 0x0000000100000000)
  eden space 133120K, 100% used [0x00000000eab00000,0x00000000f2d00000,0x00000000f2d00000)
  from space 22528K, 90% used [0x00000000f2d00000,0x00000000f40e7520,0x00000000f4300000)
  to   space 21504K, 0% used [0x00000000f4400000,0x00000000f4400000,0x00000000f5900000)
 ParOldGen       total 87552K, used 48878K [0x00000000c0000000, 0x00000000c5580000, 0x00000000eab00000)
  object space 87552K, 55% used [0x00000000c0000000,0x00000000c2fbb9a0,0x00000000c5580000)
 Metaspace       used 15618K, capacity 16464K, committed 16768K, reserved 1064960K
  class space    used 1847K, capacity 2078K, committed 2176K, reserved 1048576K
Event: 5.943 GC heap after
Heap after GC invocations=8 (full 0):
 PSYoungGen      total 154624K, used 18601K [0x00000000eab00000, 0x00000000f5900000, 0x0000000100000000)
  eden space 133120K, 0% used [0x00000000eab00000,0x00000000eab00000,0x00000000f2d00000)
  from space 21504K, 86% used [0x00000000f4400000,0x00000000f562a488,0x00000000f5900000)
  to   space 22528K, 0% used [0x00000000f2d00000,0x00000000f2d00000,0x00000000f4300000)
 ParOldGen       total 87552K, used 50405K [0x00000000c0000000, 0x00000000c5580000, 0x00000000eab00000)
  object space 87552K, 57% used [0x00000000c0000000,0x00000000c31397d8,0x00000000c5580000)
 Metaspace       used 15618K, capacity 16464K, committed 16768K, reserved 1064960K
  class space    used 1847K, capacity 2078K, committed 2176K, reserved 1048576K
}
Event: 6.541 GC heap before
{Heap before GC invocations=9 (full 0):
 PSYoungGen      total 154624K, used 151721K [0x00000000eab00000, 0x00000000f5900000, 0x0000000100000000)
  eden space 133120K, 100% used [0x00000000eab00000,0x00000000f2d00000,0x00000000f2d00000)
  from space 21504K, 86% used [0x00000000f4400000,0x00000000f562a488,0x00000000f5900000)
  to   space 22528K, 0% used [0x00000000f2d00000,0x00000000f2d00000,0x00000000f4300000)
 ParOldGen       total 87552K, used 50405K [0x00000000c0000000, 0x00000000c5580000, 0x00000000eab00000)
  object space 87552K, 57% used [0x00000000c0000000,0x00000000c31397d8,0x00000000c5580000)
 Metaspace       used 15705K, capacity 16532K, committed 16768K, reserved 1064960K
  class space    used 1855K, capacity 2078K, committed 2176K, reserved 1048576K
Event: 6.590 GC heap after
Heap after GC invocations=9 (full 0):
 PSYoungGen      total 155648K, used 8544K [0x00000000eab00000, 0x00000000fac00000, 0x0000000100000000)
  eden space 133120K, 0% used [0x00000000eab00000,0x00000000eab00000,0x00000000f2d00000)
  from space 22528K, 37% used [0x00000000f2d00000,0x00000000f3558010,0x00000000f4300000)
  to   space 25088K, 0% used [0x00000000f9380000,0x00000000f9380000,0x00000000fac00000)
 ParOldGen       total 87552K, used 62031K [0x00000000c0000000, 0x00000000c5580000, 0x00000000eab00000)
  object space 87552K, 70% used [0x00000000c0000000,0x00000000c3c93cc8,0x00000000c5580000)
 Metaspace       used 15705K, capacity 16532K, committed 16768K, reserved 1064960K
  class space    used 1855K, capacity 2078K, committed 2176K, reserved 1048576K
}

