# JRE version: OpenJDK Runtime Environment (8.0) (build 1.8.0-25-microsoft-b00)
# Java VM: OpenJDK 64-Bit Server VM (25.71-b00 mixed mode windows-amd64 compressed oops)
Heap:
 PSYoungGen      total 24064K, used 14563K [0x00000000d5b80000, 0x00000000d7c80000, 0x0000000100000000)
  eden space 17920K, 67% used [0x00000000d5b80000,0x00000000d673fb50,0x00000000d6d00000)
  from space 6144K, 41% used [0x00000000d7080000,0x00000000d72f9148,0x00000000d7680000)
  to   space 5120K, 0% used [0x00000000d7780000,0x00000000d7780000,0x00000000d7c80000)
 ParOldGen       total 22016K, used 12847K [0x0000000081200000, 0x0000000082780000, 0x00000000d5b80000)
  object space 22016K, 58% used [0x0000000081200000,0x0000000081e8be90,0x0000000082780000)
 Metaspace       used 7867K, capacity 8660K, committed 8960K, reserved 1056768K
  class space    used 883K, capacity 912K, committed 1024K, reserved 1048576K
GC Heap History (10 events):
Event: 1.047 GC heap before
{Heap before GC invocations=7 (full 0):
 PSYoungGen      total 14336K, used 10744K [0x00000000d5b80000, 0x00000000d6d80000, 0x0000000100000000)
  eden space 11776K, 72% used [0x00000000d5b80000,0x00000000d63d11b8,0x00000000d6700000)
  from space 2560K, 87% used [0x00000000d6a00000,0x00000000d6c2cf40,0x00000000d6c80000)
  to   space 3072K, 0% used [0x00000000d6700000,0x00000000d6700000,0x00000000d6a00000)
 ParOldGen       total 5632K, used 2655K [0x0000000081200000, 0x0000000081780000, 0x00000000d5b80000)
  object space 5632K, 47% used [0x0000000081200000,0x0000000081497e30,0x0000000081780000)
 Metaspace       used 7288K, capacity 8180K, committed 8320K, reserved 1056768K
  class space    used 857K, capacity 880K, committed 896K, reserved 1048576K
Event: 1.053 GC heap after
Heap after GC invocations=7 (full 0):
 PSYoungGen      total 14848K, used 3046K [0x00000000d5b80000, 0x00000000d7c80000, 0x0000000100000000)
  eden space 11776K, 0% used [0x00000000d5b80000,0x00000000d5b80000,0x00000000d6700000)
  from space 3072K, 99% used [0x00000000d6700000,0x00000000d69f9bd8,0x00000000d6a00000)
  to   space 5120K, 0% used [0x00000000d7780000,0x00000000d7780000,0x00000000d7c80000)
 ParOldGen       total 5632K, used 5625K [0x0000000081200000, 0x0000000081780000, 0x00000000d5b80000)
  object space 5632K, 99% used [0x0000000081200000,0x000000008177e5e8,0x0000000081780000)
 Metaspace       used 7288K, capacity 8180K, committed 8320K, reserved 1056768K
  class space    used 857K, capacity 880K, committed 896K, reserved 1048576K
}
Event: 1.054 GC heap before
{Heap before GC invocations=8 (full 1):
 PSYoungGen      total 14848K, used 3046K [0x00000000d5b80000, 0x00000000d7c80000, 0x0000000100000000)
  eden space 11776K, 0% used [0x00000000d5b80000,0x00000000d5b80000,0x00000000d6700000)
  from space 3072K, 99% used [0x00000000d6700000,0x00000000d69f9bd8,0x00000000d6a00000)
  to   space 5120K, 0% used [0x00000000d7780000,0x00000000d7780000,0x00000000d7c80000)
 ParOldGen       total 5632K, used 5625K [0x0000000081200000, 0x0000000081780000, 0x00000000d5b80000)
  object space 5632K, 99% used [0x0000000081200000,0x000000008177e5e8,0x0000000081780000)
 Metaspace       used 7288K, capacity 8180K, committed 8320K, reserved 1056768K
  class space    used 857K, capacity 880K, committed 896K, reserved 1048576K
Event: 1.085 GC heap after
Heap after GC invocations=8 (full 1):
 PSYoungGen      total 14848K, used 3046K [0x00000000d5b80000, 0x00000000d7c80000, 0x0000000100000000)
  eden space 11776K, 0% used [0x00000000d5b80000,0x00000000d5b80000,0x00000000d6700000)
  from space 3072K, 99% used [0x00000000d6700000,0x00000000d69f9910,0x00000000d6a00000)
  to   space 5120K, 0% used [0x00000000d7780000,0x00000000d7780000,0x00000000d7c80000)
 ParOldGen       total 10752K, used 5299K [0x0000000081200000, 0x0000000081c80000, 0x00000000d5b80000)
  object space 10752K, 49% used [0x0000000081200000,0x000000008172ccf8,0x0000000081c80000)
 Metaspace       used 7288K, capacity 8180K, committed 8320K, reserved 1056768K
  class space    used 857K, capacity 880K, committed 896K, reserved 1048576K
}
Event: 1.414 GC heap before
{Heap before GC invocations=9 (full 1):
 PSYoungGen      total 14848K, used 14822K [0x00000000d5b80000, 0x00000000d7c80000, 0x0000000100000000)
  eden space 11776K, 100% used [0x00000000d5b80000,0x00000000d6700000,0x00000000d6700000)
  from space 3072K, 99% used [0x00000000d6700000,0x00000000d69f9910,0x00000000d6a00000)
  to   space 5120K, 0% used [0x00000000d7780000,0x00000000d7780000,0x00000000d7c80000)
 ParOldGen       total 10752K, used 5299K [0x0000000081200000, 0x0000000081c80000, 0x00000000d5b80000)
  object space 10752K, 49% used [0x0000000081200000,0x000000008172ccf8,0x0000000081c80000)
 Metaspace       used 7378K, capacity 8244K, committed 8320K, reserved 1056768K
  class space    used 857K, capacity 880K, committed 896K, reserved 1048576K
Event: 1.420 GC heap after
Heap after GC invocations=9 (full 1):
 PSYoungGen      total 23040K, used 5098K [0x00000000d5b80000, 0x00000000d7c80000, 0x0000000100000000)
  eden space 17920K, 0% used [0x00000000d5b80000,0x00000000d5b80000,0x00000000d6d00000)
  from space 5120K, 99% used [0x00000000d7780000,0x00000000d7c7a960,0x00000000d7c80000)
  to   space 6144K, 0% used [0x00000000d7080000,0x00000000d7080000,0x00000000d7680000)
 ParOldGen       total 10752K, used 5851K [0x0000000081200000, 0x0000000081c80000, 0x00000000d5b80000)
  object space 10752K, 54% used [0x0000000081200000,0x00000000817b6cf8,0x0000000081c80000)
 Metaspace       used 7378K, capacity 8244K, committed 8320K, reserved 1056768K
  class space    used 857K, capacity 880K, committed 896K, reserved 1048576K
}
Event: 1.935 GC heap before
{Heap before GC invocations=10 (full 1):
 PSYoungGen      total 23040K, used 23018K [0x00000000d5b80000, 0x00000000d7c80000, 0x0000000100000000)
  eden space 17920K, 100% used [0x00000000d5b80000,0x00000000d6d00000,0x00000000d6d00000)
  from space 5120K, 99% used [0x00000000d7780000,0x00000000d7c7a960,0x00000000d7c80000)
  to   space 6144K, 0% used [0x00000000d7080000,0x00000000d7080000,0x00000000d7680000)
 ParOldGen       total 10752K, used 5851K [0x0000000081200000, 0x0000000081c80000, 0x00000000d5b80000)
  object space 10752K, 54% used [0x0000000081200000,0x00000000817b6cf8,0x0000000081c80000)
 Metaspace       used 7733K, capacity 8532K, committed 8704K, reserved 1056768K
  class space    used 877K, capacity 912K, committed 1024K, reserved 1048576K
Event: 1.959 GC heap after
Heap after GC invocations=10 (full 1):
 PSYoungGen      total 24064K, used 6130K [0x00000000d5b80000, 0x00000000d7c80000, 0x0000000100000000)
  eden space 17920K, 0% used [0x00000000d5b80000,0x00000000d5b80000,0x00000000d6d00000)
  from space 6144K, 99% used [0x00000000d7080000,0x00000000d767cb20,0x00000000d7680000)
  to   space 5120K, 0% used [0x00000000d7780000,0x00000000d7780000,0x00000000d7c80000)
 ParOldGen       total 13312K, used 11488K [0x0000000081200000, 0x0000000081f00000, 0x00000000d5b80000)
  object space 13312K, 86% used [0x0000000081200000,0x0000000081d382c8,0x0000000081f00000)
 Metaspace       used 7733K, capacity 8532K, committed 8704K, reserved 1056768K
  class space    used 877K, capacity 912K, committed 1024K, reserved 1048576K
}
Event: 1.959 GC heap before
{Heap before GC invocations=11 (full 2):
 PSYoungGen      total 24064K, used 6130K [0x00000000d5b80000, 0x00000000d7c80000, 0x0000000100000000)
  eden space 17920K, 0% used [0x00000000d5b80000,0x00000000d5b80000,0x00000000d6d00000)
  from space 6144K, 99% used [0x00000000d7080000,0x00000000d767cb20,0x00000000d7680000)
  to   space 5120K, 0% used [0x00000000d7780000,0x00000000d7780000,0x00000000d7c80000)
 ParOldGen       total 13312K, used 11488K [0x0000000081200000, 0x0000000081f00000, 0x00000000d5b80000)
  object space 13312K, 86% used [0x0000000081200000,0x0000000081d382c8,0x0000000081f00000)
 Metaspace       used 7733K, capacity 8532K, committed 8704K, reserved 1056768K
  class space    used 877K, capacity 912K, committed 1024K, reserved 1048576K
Event: 2.035 GC heap after
Heap after GC invocations=11 (full 2):
 PSYoungGen      total 24064K, used 2532K [0x00000000d5b80000, 0x00000000d7c80000, 0x0000000100000000)
  eden space 17920K, 0% used [0x00000000d5b80000,0x00000000d5b80000,0x00000000d6d00000)
  from space 6144K, 41% used [0x00000000d7080000,0x00000000d72f9148,0x00000000d7680000)
  to   space 5120K, 0% used [0x00000000d7780000,0x00000000d7780000,0x00000000d7c80000)
 ParOldGen       total 22016K, used 12847K [0x0000000081200000, 0x0000000082780000, 0x00000000d5b80000)
  object space 22016K, 58% used [0x0000000081200000,0x0000000081e8be90,0x0000000082780000)
 Metaspace       used 7733K, capacity 8532K, committed 8704K, reserved 1056768K
  class space    used 877K, capacity 912K, committed 1024K, reserved 1048576K
}

