# JRE version: OpenJDK Runtime Environment (8.0) (build 1.8.0-25-microsoft-b00)
# Java VM: OpenJDK 64-Bit Server VM (25.71-b00 mixed mode windows-amd64 compressed oops)
Heap:
 PSYoungGen      total 6656K, used 1156K [0x00000000d5b80000, 0x00000000d6c80000, 0x0000000100000000)
  eden space 6144K, 18% used [0x00000000d5b80000,0x00000000d5ca1338,0x00000000d6180000)
  from space 512K, 0% used [0x00000000d6180000,0x00000000d6180000,0x00000000d6200000)
  to   space 2560K, 0% used [0x00000000d6a00000,0x00000000d6a00000,0x00000000d6c80000)
 ParOldGen       total 6656K, used 6620K [0x0000000081200000, 0x0000000081880000, 0x00000000d5b80000)
  object space 6656K, 99% used [0x0000000081200000,0x0000000081877070,0x0000000081880000)
 Metaspace       used 7326K, capacity 8244K, committed 8320K, reserved 1056768K
  class space    used 857K, capacity 880K, committed 896K, reserved 1048576K
GC Heap History (10 events):
Event: 0.725 GC heap before
{Heap before GC invocations=5 (full 0):
 PSYoungGen      total 6656K, used 6640K [0x00000000d5b80000, 0x00000000d6280000, 0x0000000100000000)
  eden space 6144K, 100% used [0x00000000d5b80000,0x00000000d6180000,0x00000000d6180000)
  from space 512K, 96% used [0x00000000d6200000,0x00000000d627c010,0x00000000d6280000)
  to   space 512K, 0% used [0x00000000d6180000,0x00000000d6180000,0x00000000d6200000)
 ParOldGen       total 5632K, used 708K [0x0000000081200000, 0x0000000081780000, 0x00000000d5b80000)
  object space 5632K, 12% used [0x0000000081200000,0x00000000812b1060,0x0000000081780000)
 Metaspace       used 7262K, capacity 8180K, committed 8320K, reserved 1056768K
  class space    used 852K, capacity 880K, committed 896K, reserved 1048576K
Event: 0.728 GC heap after
Heap after GC invocations=5 (full 0):
 PSYoungGen      total 6656K, used 512K [0x00000000d5b80000, 0x00000000d6c80000, 0x0000000100000000)
  eden space 6144K, 0% used [0x00000000d5b80000,0x00000000d5b80000,0x00000000d6180000)
  from space 512K, 100% used [0x00000000d6180000,0x00000000d6200000,0x00000000d6200000)
  to   space 2560K, 0% used [0x00000000d6a00000,0x00000000d6a00000,0x00000000d6c80000)
 ParOldGen       total 5632K, used 2624K [0x0000000081200000, 0x0000000081780000, 0x00000000d5b80000)
  object space 5632K, 46% used [0x0000000081200000,0x0000000081490088,0x0000000081780000)
 Metaspace       used 7262K, capacity 8180K, committed 8320K, reserved 1056768K
  class space    used 852K, capacity 880K, committed 896K, reserved 1048576K
}
Event: 0.772 GC heap before
{Heap before GC invocations=6 (full 0):
 PSYoungGen      total 6656K, used 5524K [0x00000000d5b80000, 0x00000000d6c80000, 0x0000000100000000)
  eden space 6144K, 81% used [0x00000000d5b80000,0x00000000d6065220,0x00000000d6180000)
  from space 512K, 100% used [0x00000000d6180000,0x00000000d6200000,0x00000000d6200000)
  to   space 2560K, 0% used [0x00000000d6a00000,0x00000000d6a00000,0x00000000d6c80000)
 ParOldGen       total 5632K, used 2624K [0x0000000081200000, 0x0000000081780000, 0x00000000d5b80000)
  object space 5632K, 46% used [0x0000000081200000,0x0000000081490088,0x0000000081780000)
 Metaspace       used 7287K, capacity 8180K, committed 8320K, reserved 1056768K
  class space    used 857K, capacity 880K, committed 896K, reserved 1048576K
Event: 0.774 GC heap after
Heap after GC invocations=6 (full 0):
 PSYoungGen      total 8704K, used 2287K [0x00000000d5b80000, 0x00000000d6c80000, 0x0000000100000000)
  eden space 6144K, 0% used [0x00000000d5b80000,0x00000000d5b80000,0x00000000d6180000)
  from space 2560K, 89% used [0x00000000d6a00000,0x00000000d6c3bfc0,0x00000000d6c80000)
  to   space 512K, 0% used [0x00000000d6180000,0x00000000d6180000,0x00000000d6200000)
 ParOldGen       total 5632K, used 2624K [0x0000000081200000, 0x0000000081780000, 0x00000000d5b80000)
  object space 5632K, 46% used [0x0000000081200000,0x0000000081490088,0x0000000081780000)
 Metaspace       used 7287K, capacity 8180K, committed 8320K, reserved 1056768K
  class space    used 857K, capacity 880K, committed 896K, reserved 1048576K
}
Event: 0.814 GC heap before
{Heap before GC invocations=7 (full 0):
 PSYoungGen      total 8704K, used 8431K [0x00000000d5b80000, 0x00000000d6c80000, 0x0000000100000000)
  eden space 6144K, 100% used [0x00000000d5b80000,0x00000000d6180000,0x00000000d6180000)
  from space 2560K, 89% used [0x00000000d6a00000,0x00000000d6c3bfc0,0x00000000d6c80000)
  to   space 512K, 0% used [0x00000000d6180000,0x00000000d6180000,0x00000000d6200000)
 ParOldGen       total 5632K, used 2624K [0x0000000081200000, 0x0000000081780000, 0x00000000d5b80000)
  object space 5632K, 46% used [0x0000000081200000,0x0000000081490088,0x0000000081780000)
 Metaspace       used 7291K, capacity 8180K, committed 8320K, reserved 1056768K
  class space    used 857K, capacity 880K, committed 896K, reserved 1048576K
Event: 0.818 GC heap after
Heap after GC invocations=7 (full 0):
 PSYoungGen      total 6656K, used 502K [0x00000000d5b80000, 0x00000000d6c80000, 0x0000000100000000)
  eden space 6144K, 0% used [0x00000000d5b80000,0x00000000d5b80000,0x00000000d6180000)
  from space 512K, 98% used [0x00000000d6180000,0x00000000d61fda00,0x00000000d6200000)
  to   space 2560K, 0% used [0x00000000d6a00000,0x00000000d6a00000,0x00000000d6c80000)
 ParOldGen       total 6656K, used 6450K [0x0000000081200000, 0x0000000081880000, 0x00000000d5b80000)
  object space 6656K, 96% used [0x0000000081200000,0x000000008184c848,0x0000000081880000)
 Metaspace       used 7291K, capacity 8180K, committed 8320K, reserved 1056768K
  class space    used 857K, capacity 880K, committed 896K, reserved 1048576K
}
Event: 0.819 GC heap before
{Heap before GC invocations=8 (full 1):
 PSYoungGen      total 6656K, used 502K [0x00000000d5b80000, 0x00000000d6c80000, 0x0000000100000000)
  eden space 6144K, 0% used [0x00000000d5b80000,0x00000000d5b80000,0x00000000d6180000)
  from space 512K, 98% used [0x00000000d6180000,0x00000000d61fda00,0x00000000d6200000)
  to   space 2560K, 0% used [0x00000000d6a00000,0x00000000d6a00000,0x00000000d6c80000)
 ParOldGen       total 6656K, used 6450K [0x0000000081200000, 0x0000000081880000, 0x00000000d5b80000)
  object space 6656K, 96% used [0x0000000081200000,0x000000008184c848,0x0000000081880000)
 Metaspace       used 7291K, capacity 8180K, committed 8320K, reserved 1056768K
  class space    used 857K, capacity 880K, committed 896K, reserved 1048576K
Event: 0.849 GC heap after
Heap after GC invocations=8 (full 1):
 PSYoungGen      total 6656K, used 0K [0x00000000d5b80000, 0x00000000d6c80000, 0x0000000100000000)
  eden space 6144K, 0% used [0x00000000d5b80000,0x00000000d5b80000,0x00000000d6180000)
  from space 512K, 0% used [0x00000000d6180000,0x00000000d6180000,0x00000000d6200000)
  to   space 2560K, 0% used [0x00000000d6a00000,0x00000000d6a00000,0x00000000d6c80000)
 ParOldGen       total 6656K, used 6368K [0x0000000081200000, 0x0000000081880000, 0x00000000d5b80000)
  object space 6656K, 95% used [0x0000000081200000,0x0000000081838338,0x0000000081880000)
 Metaspace       used 7291K, capacity 8180K, committed 8320K, reserved 1056768K
  class space    used 857K, capacity 880K, committed 896K, reserved 1048576K
}
Event: 0.895 GC heap before
{Heap before GC invocations=9 (full 2):
 PSYoungGen      total 6656K, used 6144K [0x00000000d5b80000, 0x00000000d6c80000, 0x0000000100000000)
  eden space 6144K, 100% used [0x00000000d5b80000,0x00000000d6180000,0x00000000d6180000)
  from space 512K, 0% used [0x00000000d6180000,0x00000000d6180000,0x00000000d6200000)
  to   space 2560K, 0% used [0x00000000d6a00000,0x00000000d6a00000,0x00000000d6c80000)
 ParOldGen       total 6656K, used 6368K [0x0000000081200000, 0x0000000081880000, 0x00000000d5b80000)
  object space 6656K, 95% used [0x0000000081200000,0x0000000081838338,0x0000000081880000)
 Metaspace       used 7309K, capacity 8244K, committed 8320K, reserved 1056768K
  class space    used 857K, capacity 880K, committed 896K, reserved 1048576K
Event: 0.909 GC heap after
Heap after GC invocations=9 (full 2):
 PSYoungGen      total 6656K, used 0K [0x00000000d5b80000, 0x00000000d6c80000, 0x0000000100000000)
  eden space 6144K, 0% used [0x00000000d5b80000,0x00000000d5b80000,0x00000000d6180000)
  from space 512K, 0% used [0x00000000d6180000,0x00000000d6180000,0x00000000d6200000)
  to   space 2560K, 0% used [0x00000000d6a00000,0x00000000d6a00000,0x00000000d6c80000)
 ParOldGen       total 6656K, used 6620K [0x0000000081200000, 0x0000000081880000, 0x00000000d5b80000)
  object space 6656K, 99% used [0x0000000081200000,0x0000000081877070,0x0000000081880000)
 Metaspace       used 7309K, capacity 8244K, committed 8320K, reserved 1056768K
  class space    used 857K, capacity 880K, committed 896K, reserved 1048576K
}

